# JRE version: OpenJDK Runtime Environment (8.0_242-b01) (build 1.8.0_242-release-1644-b01)
# Java VM: OpenJDK 64-Bit Server VM (25.242-b01 mixed mode windows-amd64 compressed oops)
Heap:
 PSYoungGen      total 496128K, used 188581K [0x00000000d5580000, 0x00000000fbb00000, 0x0000000100000000)
  eden space 442880K, 41% used [0x00000000d5580000,0x00000000e0849590,0x00000000f0600000)
  from space 53248K, 10% used [0x00000000f0600000,0x00000000f0b60000,0x00000000f3a00000)
  to   space 54272K, 0% used [0x00000000f8600000,0x00000000f8600000,0x00000000fbb00000)
 ParOldGen       total 218624K, used 140555K [0x0000000080000000, 0x000000008d580000, 0x00000000d5580000)
  object space 218624K, 64% used [0x0000000080000000,0x0000000088942c70,0x000000008d580000)
 Metaspace       used 118946K, capacity 126800K, committed 127000K, reserved 1159168K
  class space    used 15241K, capacity 16625K, committed 16688K, reserved 1048576K
GC Heap History (10 events):
Event: 6213.821 GC heap before
{Heap before GC invocations=51 (full 4):
 PSYoungGen      total 381440K, used 354645K [0x00000000d5580000, 0x00000000efb00000, 0x0000000100000000)
  eden space 340480K, 100% used [0x00000000d5580000,0x00000000ea200000,0x00000000ea200000)
  from space 40960K, 34% used [0x00000000ed300000,0x00000000ee0d56f8,0x00000000efb00000)
  to   space 45568K, 0% used [0x00000000ea200000,0x00000000ea200000,0x00000000ece80000)
 ParOldGen       total 218624K, used 93389K [0x0000000080000000, 0x000000008d580000, 0x00000000d5580000)
  object space 218624K, 42% used [0x0000000080000000,0x0000000085b33718,0x000000008d580000)
 Metaspace       used 117836K, capacity 125388K, committed 125592K, reserved 1159168K
  class space    used 15151K, capacity 16513K, committed 16560K, reserved 1048576K
Event: 6213.858 GC heap after
Heap after GC invocations=51 (full 4):
 PSYoungGen      total 386048K, used 26362K [0x00000000d5580000, 0x00000000f2600000, 0x0000000100000000)
  eden space 340480K, 0% used [0x00000000d5580000,0x00000000d5580000,0x00000000ea200000)
  from space 45568K, 57% used [0x00000000ea200000,0x00000000ebbbe9c8,0x00000000ece80000)
  to   space 45056K, 0% used [0x00000000efa00000,0x00000000efa00000,0x00000000f2600000)
 ParOldGen       total 218624K, used 94725K [0x0000000080000000, 0x000000008d580000, 0x00000000d5580000)
  object space 218624K, 43% used [0x0000000080000000,0x0000000085c81678,0x000000008d580000)
 Metaspace       used 117836K, capacity 125388K, committed 125592K, reserved 1159168K
  class space    used 15151K, capacity 16513K, committed 16560K, reserved 1048576K
}
Event: 6215.387 GC heap before
{Heap before GC invocations=52 (full 4):
 PSYoungGen      total 386048K, used 366842K [0x00000000d5580000, 0x00000000f2600000, 0x0000000100000000)
  eden space 340480K, 100% used [0x00000000d5580000,0x00000000ea200000,0x00000000ea200000)
  from space 45568K, 57% used [0x00000000ea200000,0x00000000ebbbe9c8,0x00000000ece80000)
  to   space 45056K, 0% used [0x00000000efa00000,0x00000000efa00000,0x00000000f2600000)
 ParOldGen       total 218624K, used 94725K [0x0000000080000000, 0x000000008d580000, 0x00000000d5580000)
  object space 218624K, 43% used [0x0000000080000000,0x0000000085c81678,0x000000008d580000)
 Metaspace       used 118485K, capacity 126178K, committed 126488K, reserved 1159168K
  class space    used 15220K, capacity 16612K, committed 16688K, reserved 1048576K
Event: 6215.862 GC heap after
Heap after GC invocations=52 (full 4):
 PSYoungGen      total 422400K, used 45028K [0x00000000d5580000, 0x00000000f4800000, 0x0000000100000000)
  eden space 377344K, 0% used [0x00000000d5580000,0x00000000d5580000,0x00000000ec600000)
  from space 45056K, 99% used [0x00000000efa00000,0x00000000f25f93b8,0x00000000f2600000)
  to   space 53248K, 0% used [0x00000000ec600000,0x00000000ec600000,0x00000000efa00000)
 ParOldGen       total 218624K, used 100941K [0x0000000080000000, 0x000000008d580000, 0x00000000d5580000)
  object space 218624K, 46% used [0x0000000080000000,0x0000000086293470,0x000000008d580000)
 Metaspace       used 118485K, capacity 126178K, committed 126488K, reserved 1159168K
  class space    used 15220K, capacity 16612K, committed 16688K, reserved 1048576K
}
Event: 6218.212 GC heap before
{Heap before GC invocations=53 (full 4):
 PSYoungGen      total 422400K, used 422372K [0x00000000d5580000, 0x00000000f4800000, 0x0000000100000000)
  eden space 377344K, 100% used [0x00000000d5580000,0x00000000ec600000,0x00000000ec600000)
  from space 45056K, 99% used [0x00000000efa00000,0x00000000f25f93b8,0x00000000f2600000)
  to   space 53248K, 0% used [0x00000000ec600000,0x00000000ec600000,0x00000000efa00000)
 ParOldGen       total 218624K, used 100941K [0x0000000080000000, 0x000000008d580000, 0x00000000d5580000)
  object space 218624K, 46% used [0x0000000080000000,0x0000000086293470,0x000000008d580000)
 Metaspace       used 118725K, capacity 126498K, committed 126744K, reserved 1159168K
  class space    used 15231K, capacity 16620K, committed 16688K, reserved 1048576K
Event: 6218.363 GC heap after
Heap after GC invocations=53 (full 4):
 PSYoungGen      total 430592K, used 36540K [0x00000000d5580000, 0x00000000f7100000, 0x0000000100000000)
  eden space 377344K, 0% used [0x00000000d5580000,0x00000000d5580000,0x00000000ec600000)
  from space 53248K, 68% used [0x00000000ec600000,0x00000000ee9af118,0x00000000efa00000)
  to   space 54272K, 0% used [0x00000000f3c00000,0x00000000f3c00000,0x00000000f7100000)
 ParOldGen       total 218624K, used 112003K [0x0000000080000000, 0x000000008d580000, 0x00000000d5580000)
  object space 218624K, 51% used [0x0000000080000000,0x0000000086d60f88,0x000000008d580000)
 Metaspace       used 118725K, capacity 126498K, committed 126744K, reserved 1159168K
  class space    used 15231K, capacity 16620K, committed 16688K, reserved 1048576K
}
Event: 6220.078 GC heap before
{Heap before GC invocations=54 (full 4):
 PSYoungGen      total 430592K, used 413884K [0x00000000d5580000, 0x00000000f7100000, 0x0000000100000000)
  eden space 377344K, 100% used [0x00000000d5580000,0x00000000ec600000,0x00000000ec600000)
  from space 53248K, 68% used [0x00000000ec600000,0x00000000ee9af118,0x00000000efa00000)
  to   space 54272K, 0% used [0x00000000f3c00000,0x00000000f3c00000,0x00000000f7100000)
 ParOldGen       total 218624K, used 112003K [0x0000000080000000, 0x000000008d580000, 0x00000000d5580000)
  object space 218624K, 51% used [0x0000000080000000,0x0000000086d60f88,0x000000008d580000)
 Metaspace       used 118836K, capacity 126602K, committed 126744K, reserved 1159168K
  class space    used 15239K, capacity 16624K, committed 16688K, reserved 1048576K
Event: 6220.157 GC heap after
Heap after GC invocations=54 (full 4):
 PSYoungGen      total 494080K, used 30477K [0x00000000d5580000, 0x00000000f6e00000, 0x0000000100000000)
  eden space 442880K, 0% used [0x00000000d5580000,0x00000000d5580000,0x00000000f0600000)
  from space 51200K, 59% used [0x00000000f3c00000,0x00000000f59c3630,0x00000000f6e00000)
  to   space 53248K, 0% used [0x00000000f0600000,0x00000000f0600000,0x00000000f3a00000)
 ParOldGen       total 218624K, used 117446K [0x0000000080000000, 0x000000008d580000, 0x00000000d5580000)
  object space 218624K, 53% used [0x0000000080000000,0x00000000872b1a00,0x000000008d580000)
 Metaspace       used 118836K, capacity 126602K, committed 126744K, reserved 1159168K
  class space    used 15239K, capacity 16624K, committed 16688K, reserved 1048576K
}
Event: 6221.591 GC heap before
{Heap before GC invocations=55 (full 4):
 PSYoungGen      total 494080K, used 473357K [0x00000000d5580000, 0x00000000f6e00000, 0x0000000100000000)
  eden space 442880K, 100% used [0x00000000d5580000,0x00000000f0600000,0x00000000f0600000)
  from space 51200K, 59% used [0x00000000f3c00000,0x00000000f59c3630,0x00000000f6e00000)
  to   space 53248K, 0% used [0x00000000f0600000,0x00000000f0600000,0x00000000f3a00000)
 ParOldGen       total 218624K, used 117446K [0x0000000080000000, 0x000000008d580000, 0x00000000d5580000)
  object space 218624K, 53% used [0x0000000080000000,0x00000000872b1a00,0x000000008d580000)
 Metaspace       used 118912K, capacity 126730K, committed 127000K, reserved 1159168K
  class space    used 15241K, capacity 16624K, committed 16688K, reserved 1048576K
Event: 6221.688 GC heap after
Heap after GC invocations=55 (full 4):
 PSYoungGen      total 496128K, used 5504K [0x00000000d5580000, 0x00000000fbb00000, 0x0000000100000000)
  eden space 442880K, 0% used [0x00000000d5580000,0x00000000d5580000,0x00000000f0600000)
  from space 53248K, 10% used [0x00000000f0600000,0x00000000f0b60000,0x00000000f3a00000)
  to   space 54272K, 0% used [0x00000000f8600000,0x00000000f8600000,0x00000000fbb00000)
 ParOldGen       total 218624K, used 140555K [0x0000000080000000, 0x000000008d580000, 0x00000000d5580000)
  object space 218624K, 64% used [0x0000000080000000,0x0000000088942c70,0x000000008d580000)
 Metaspace       used 118912K, capacity 126730K, committed 127000K, reserved 1159168K
  class space    used 15241K, capacity 16624K, committed 16688K, reserved 1048576K
}

