# JRE version: OpenJDK Runtime Environment (8.0_242-b01) (build 1.8.0_242-release-1644-b01)
# Java VM: OpenJDK 64-Bit Server VM (25.242-b01 mixed mode windows-amd64 compressed oops)
Heap:
 PSYoungGen      total 178688K, used 114739K [0x00000000d5580000, 0x00000000e2300000, 0x0000000100000000)
  eden space 147968K, 64% used [0x00000000d5580000,0x00000000db2384f0,0x00000000de600000)
  from space 30720K, 64% used [0x00000000de600000,0x00000000df9549c0,0x00000000e0400000)
  to   space 31744K, 0% used [0x00000000e0400000,0x00000000e0400000,0x00000000e2300000)
 ParOldGen       total 196608K, used 54038K [0x0000000080000000, 0x000000008c000000, 0x00000000d5580000)
  object space 196608K, 27% used [0x0000000080000000,0x00000000834c59a0,0x000000008c000000)
 Metaspace       used 105820K, capacity 110740K, committed 110872K, reserved 1144832K
  class space    used 13942K, capacity 14853K, committed 14888K, reserved 1048576K
GC Heap History (10 events):
Event: 3285.091 GC heap before
{Heap before GC invocations=25 (full 3):
 PSYoungGen      total 152064K, used 152054K [0x00000000d5580000, 0x00000000e0500000, 0x0000000100000000)
  eden space 130560K, 100% used [0x00000000d5580000,0x00000000dd500000,0x00000000dd500000)
  from space 21504K, 99% used [0x00000000dd880000,0x00000000ded7daf0,0x00000000ded80000)
  to   space 24064K, 0% used [0x00000000ded80000,0x00000000ded80000,0x00000000e0500000)
 ParOldGen       total 142336K, used 49162K [0x0000000080000000, 0x0000000088b00000, 0x00000000d5580000)
  object space 142336K, 34% used [0x0000000080000000,0x0000000083002b70,0x0000000088b00000)
 Metaspace       used 91884K, capacity 96580K, committed 96664K, reserved 1132544K
  class space    used 11850K, capacity 12693K, committed 12712K, reserved 1048576K
Event: 3285.125 GC heap after
Heap after GC invocations=25 (full 3):
 PSYoungGen      total 148480K, used 24040K [0x00000000d5580000, 0x00000000e0e80000, 0x0000000100000000)
  eden space 124416K, 0% used [0x00000000d5580000,0x00000000d5580000,0x00000000dcf00000)
  from space 24064K, 99% used [0x00000000ded80000,0x00000000e04fa238,0x00000000e0500000)
  to   space 31232K, 0% used [0x00000000dcf00000,0x00000000dcf00000,0x00000000ded80000)
 ParOldGen       total 142336K, used 58344K [0x0000000080000000, 0x0000000088b00000, 0x00000000d5580000)
  object space 142336K, 40% used [0x0000000080000000,0x00000000838fa308,0x0000000088b00000)
 Metaspace       used 91884K, capacity 96580K, committed 96664K, reserved 1132544K
  class space    used 11850K, capacity 12693K, committed 12712K, reserved 1048576K
}
Event: 3285.423 GC heap before
{Heap before GC invocations=26 (full 3):
 PSYoungGen      total 148480K, used 39722K [0x00000000d5580000, 0x00000000e0e80000, 0x0000000100000000)
  eden space 124416K, 12% used [0x00000000d5580000,0x00000000d64d06d0,0x00000000dcf00000)
  from space 24064K, 99% used [0x00000000ded80000,0x00000000e04fa238,0x00000000e0500000)
  to   space 31232K, 0% used [0x00000000dcf00000,0x00000000dcf00000,0x00000000ded80000)
 ParOldGen       total 142336K, used 58344K [0x0000000080000000, 0x0000000088b00000, 0x00000000d5580000)
  object space 142336K, 40% used [0x0000000080000000,0x00000000838fa308,0x0000000088b00000)
 Metaspace       used 93752K, capacity 98520K, committed 98584K, reserved 1134592K
  class space    used 12186K, capacity 13055K, committed 13096K, reserved 1048576K
Event: 3285.434 GC heap after
Heap after GC invocations=26 (full 3):
 PSYoungGen      total 155648K, used 19684K [0x00000000d5580000, 0x00000000e2300000, 0x0000000100000000)
  eden space 124416K, 0% used [0x00000000d5580000,0x00000000d5580000,0x00000000dcf00000)
  from space 31232K, 63% used [0x00000000dcf00000,0x00000000de239288,0x00000000ded80000)
  to   space 31744K, 0% used [0x00000000e0400000,0x00000000e0400000,0x00000000e2300000)
 ParOldGen       total 142336K, used 58916K [0x0000000080000000, 0x0000000088b00000, 0x00000000d5580000)
  object space 142336K, 41% used [0x0000000080000000,0x00000000839891d8,0x0000000088b00000)
 Metaspace       used 93752K, capacity 98520K, committed 98584K, reserved 1134592K
  class space    used 12186K, capacity 13055K, committed 13096K, reserved 1048576K
}
Event: 3285.434 GC heap before
{Heap before GC invocations=27 (full 4):
 PSYoungGen      total 155648K, used 19684K [0x00000000d5580000, 0x00000000e2300000, 0x0000000100000000)
  eden space 124416K, 0% used [0x00000000d5580000,0x00000000d5580000,0x00000000dcf00000)
  from space 31232K, 63% used [0x00000000dcf00000,0x00000000de239288,0x00000000ded80000)
  to   space 31744K, 0% used [0x00000000e0400000,0x00000000e0400000,0x00000000e2300000)
 ParOldGen       total 142336K, used 58916K [0x0000000080000000, 0x0000000088b00000, 0x00000000d5580000)
  object space 142336K, 41% used [0x0000000080000000,0x00000000839891d8,0x0000000088b00000)
 Metaspace       used 93752K, capacity 98520K, committed 98584K, reserved 1134592K
  class space    used 12186K, capacity 13055K, committed 13096K, reserved 1048576K
Event: 3285.691 GC heap after
Heap after GC invocations=27 (full 4):
 PSYoungGen      total 155648K, used 0K [0x00000000d5580000, 0x00000000e2300000, 0x0000000100000000)
  eden space 124416K, 0% used [0x00000000d5580000,0x00000000d5580000,0x00000000dcf00000)
  from space 31232K, 0% used [0x00000000dcf00000,0x00000000dcf00000,0x00000000ded80000)
  to   space 31744K, 0% used [0x00000000e0400000,0x00000000e0400000,0x00000000e2300000)
 ParOldGen       total 196608K, used 54022K [0x0000000080000000, 0x000000008c000000, 0x00000000d5580000)
  object space 196608K, 27% used [0x0000000080000000,0x00000000834c19a0,0x000000008c000000)
 Metaspace       used 93401K, capacity 97800K, committed 98584K, reserved 1134592K
  class space    used 12105K, capacity 12925K, committed 13096K, reserved 1048576K
}
Event: 3288.520 GC heap before
{Heap before GC invocations=28 (full 4):
 PSYoungGen      total 155648K, used 124416K [0x00000000d5580000, 0x00000000e2300000, 0x0000000100000000)
  eden space 124416K, 100% used [0x00000000d5580000,0x00000000dcf00000,0x00000000dcf00000)
  from space 31232K, 0% used [0x00000000dcf00000,0x00000000dcf00000,0x00000000ded80000)
  to   space 31744K, 0% used [0x00000000e0400000,0x00000000e0400000,0x00000000e2300000)
 ParOldGen       total 196608K, used 54022K [0x0000000080000000, 0x000000008c000000, 0x00000000d5580000)
  object space 196608K, 27% used [0x0000000080000000,0x00000000834c19a0,0x000000008c000000)
 Metaspace       used 98345K, capacity 102820K, committed 103064K, reserved 1138688K
  class space    used 12867K, capacity 13672K, committed 13736K, reserved 1048576K
Event: 3288.541 GC heap after
Heap after GC invocations=28 (full 4):
 PSYoungGen      total 179712K, used 10402K [0x00000000d5580000, 0x00000000e2300000, 0x0000000100000000)
  eden space 147968K, 0% used [0x00000000d5580000,0x00000000d5580000,0x00000000de600000)
  from space 31744K, 32% used [0x00000000e0400000,0x00000000e0e288d0,0x00000000e2300000)
  to   space 30720K, 0% used [0x00000000de600000,0x00000000de600000,0x00000000e0400000)
 ParOldGen       total 196608K, used 54030K [0x0000000080000000, 0x000000008c000000, 0x00000000d5580000)
  object space 196608K, 27% used [0x0000000080000000,0x00000000834c39a0,0x000000008c000000)
 Metaspace       used 98345K, capacity 102820K, committed 103064K, reserved 1138688K
  class space    used 12867K, capacity 13672K, committed 13736K, reserved 1048576K
}
Event: 3292.026 GC heap before
{Heap before GC invocations=29 (full 4):
 PSYoungGen      total 179712K, used 158370K [0x00000000d5580000, 0x00000000e2300000, 0x0000000100000000)
  eden space 147968K, 100% used [0x00000000d5580000,0x00000000de600000,0x00000000de600000)
  from space 31744K, 32% used [0x00000000e0400000,0x00000000e0e288d0,0x00000000e2300000)
  to   space 30720K, 0% used [0x00000000de600000,0x00000000de600000,0x00000000e0400000)
 ParOldGen       total 196608K, used 54030K [0x0000000080000000, 0x000000008c000000, 0x00000000d5580000)
  object space 196608K, 27% used [0x0000000080000000,0x00000000834c39a0,0x000000008c000000)
 Metaspace       used 105124K, capacity 110066K, committed 110360K, reserved 1144832K
  class space    used 13896K, capacity 14782K, committed 14888K, reserved 1048576K
Event: 3292.046 GC heap after
Heap after GC invocations=29 (full 4):
 PSYoungGen      total 178688K, used 19794K [0x00000000d5580000, 0x00000000e2300000, 0x0000000100000000)
  eden space 147968K, 0% used [0x00000000d5580000,0x00000000d5580000,0x00000000de600000)
  from space 30720K, 64% used [0x00000000de600000,0x00000000df9549c0,0x00000000e0400000)
  to   space 31744K, 0% used [0x00000000e0400000,0x00000000e0400000,0x00000000e2300000)
 ParOldGen       total 196608K, used 54038K [0x0000000080000000, 0x000000008c000000, 0x00000000d5580000)
  object space 196608K, 27% used [0x0000000080000000,0x00000000834c59a0,0x000000008c000000)
 Metaspace       used 105124K, capacity 110066K, committed 110360K, reserved 1144832K
  class space    used 13896K, capacity 14782K, committed 14888K, reserved 1048576K
}

